2023-08-27 10:09:58 [main] INFO  c.e.p.controllers.UserControllerTest - Starting UserControllerTest using Java 17.0.8 with PID 5928 (started by Nastja in C:\Users\Nastja\Desktop\planning_system1)
2023-08-27 10:09:58 [main] INFO  c.e.p.controllers.UserControllerTest - The following 1 profile is active: "test"
2023-08-27 10:10:00 [main] INFO  o.s.b.a.w.s.WelcomePageHandlerMapping - Adding welcome page template: index
2023-08-27 10:10:00 [main] WARN  o.s.b.a.s.s.UserDetailsServiceAutoConfiguration - 

Using generated security password: 052c16dc-b876-43e9-be66-43c1205b946e

This generated password is for development use only. Your security configuration must be updated before running your application in production.

2023-08-27 10:10:00 [main] INFO  o.s.s.web.DefaultSecurityFilterChain - Will secure any request with [org.springframework.security.web.session.DisableEncodeUrlFilter@24f177f5, org.springframework.security.web.context.request.async.WebAsyncManagerIntegrationFilter@65e05005, org.springframework.security.web.context.SecurityContextHolderFilter@5d32c1c7, org.springframework.security.web.header.HeaderWriterFilter@73a49597, org.springframework.security.web.csrf.CsrfFilter@79295932, org.springframework.security.web.authentication.logout.LogoutFilter@48ee3c2d, org.springframework.security.web.authentication.UsernamePasswordAuthenticationFilter@43756cb, org.springframework.security.web.authentication.ui.DefaultLoginPageGeneratingFilter@3a3316b6, org.springframework.security.web.authentication.ui.DefaultLogoutPageGeneratingFilter@6ed691fd, org.springframework.security.web.authentication.www.BasicAuthenticationFilter@69bc4024, org.springframework.security.web.savedrequest.RequestCacheAwareFilter@40ac0a56, org.springframework.security.web.servletapi.SecurityContextHolderAwareRequestFilter@2b6b487c, org.springframework.security.web.authentication.AnonymousAuthenticationFilter@1efcba00, org.springframework.security.web.access.ExceptionTranslationFilter@3ee258, org.springframework.security.web.access.intercept.AuthorizationFilter@4ede035e]
2023-08-27 10:10:00 [main] INFO  o.s.b.t.m.w.SpringBootMockServletContext - Initializing Spring TestDispatcherServlet ''
2023-08-27 10:10:00 [main] INFO  o.s.t.w.s.TestDispatcherServlet - Initializing Servlet ''
2023-08-27 10:10:00 [main] INFO  o.s.t.w.s.TestDispatcherServlet - Completed initialization in 3 ms
2023-08-27 10:10:01 [main] INFO  c.e.p.controllers.UserControllerTest - Started UserControllerTest in 4.243 seconds (process running for 10.641)
2023-08-27 10:10:01 [main] WARN  o.s.w.s.m.s.DefaultHandlerExceptionResolver - Resolved [org.springframework.web.multipart.support.MissingServletRequestPartException: Required part 'file' is not present.]
2023-08-27 10:10:01 [main] WARN  o.s.w.s.m.s.DefaultHandlerExceptionResolver - Resolved [org.springframework.web.multipart.support.MissingServletRequestPartException: Required part 'file' is not present.]
2023-08-27 10:10:01 [main] WARN  o.s.w.s.m.s.DefaultHandlerExceptionResolver - Resolved [org.springframework.web.multipart.support.MissingServletRequestPartException: Required part 'file' is not present.]
2023-08-27 10:12:43 [main] INFO  c.e.p.controllers.UserControllerTest - Starting UserControllerTest using Java 17.0.8 with PID 10280 (started by Nastja in C:\Users\Nastja\Desktop\planning_system1)
2023-08-27 10:12:43 [main] INFO  c.e.p.controllers.UserControllerTest - The following 1 profile is active: "test"
2023-08-27 10:12:45 [main] INFO  o.s.b.a.w.s.WelcomePageHandlerMapping - Adding welcome page template: index
2023-08-27 10:12:46 [main] WARN  o.s.b.a.s.s.UserDetailsServiceAutoConfiguration - 

Using generated security password: ec0972df-415d-4bfb-9b32-16356f1f61c8

This generated password is for development use only. Your security configuration must be updated before running your application in production.

2023-08-27 10:12:46 [main] INFO  o.s.s.web.DefaultSecurityFilterChain - Will secure any request with [org.springframework.security.web.session.DisableEncodeUrlFilter@72f24a84, org.springframework.security.web.context.request.async.WebAsyncManagerIntegrationFilter@49d543a9, org.springframework.security.web.context.SecurityContextHolderFilter@7a730479, org.springframework.security.web.header.HeaderWriterFilter@aedc426, org.springframework.security.web.csrf.CsrfFilter@15d58530, org.springframework.security.web.authentication.logout.LogoutFilter@45f1413c, org.springframework.security.web.authentication.UsernamePasswordAuthenticationFilter@73be4cdd, org.springframework.security.web.authentication.ui.DefaultLoginPageGeneratingFilter@2f0cab82, org.springframework.security.web.authentication.ui.DefaultLogoutPageGeneratingFilter@6d9428f3, org.springframework.security.web.authentication.www.BasicAuthenticationFilter@559e3f67, org.springframework.security.web.savedrequest.RequestCacheAwareFilter@654b899f, org.springframework.security.web.servletapi.SecurityContextHolderAwareRequestFilter@6dc9a56e, org.springframework.security.web.authentication.AnonymousAuthenticationFilter@4ac19bc6, org.springframework.security.web.access.ExceptionTranslationFilter@7b52b18a, org.springframework.security.web.access.intercept.AuthorizationFilter@149b53fa]
2023-08-27 10:12:46 [main] INFO  o.s.b.t.m.w.SpringBootMockServletContext - Initializing Spring TestDispatcherServlet ''
2023-08-27 10:12:46 [main] INFO  o.s.t.w.s.TestDispatcherServlet - Initializing Servlet ''
2023-08-27 10:12:46 [main] INFO  o.s.t.w.s.TestDispatcherServlet - Completed initialization in 2 ms
2023-08-27 10:12:46 [main] INFO  c.e.p.controllers.UserControllerTest - Started UserControllerTest in 4.221 seconds (process running for 9.235)
2023-08-27 10:12:46 [main] WARN  o.s.w.s.m.s.DefaultHandlerExceptionResolver - Resolved [org.springframework.web.multipart.support.MissingServletRequestPartException: Required part 'file' is not present.]
2023-08-27 10:12:46 [main] WARN  o.s.w.s.m.s.DefaultHandlerExceptionResolver - Resolved [org.springframework.web.multipart.support.MissingServletRequestPartException: Required part 'file' is not present.]
2023-08-27 10:12:47 [main] INFO  c.e.p.c.ActivitiesController - New user registred with name: name and email n@gmail.com
2023-08-27 10:15:56 [main] INFO  c.e.p.controllers.UserControllerTest - Starting UserControllerTest using Java 17.0.8 with PID 9944 (started by Nastja in C:\Users\Nastja\Desktop\planning_system1)
2023-08-27 10:15:56 [main] INFO  c.e.p.controllers.UserControllerTest - The following 1 profile is active: "test"
2023-08-27 10:15:58 [main] INFO  o.s.b.a.w.s.WelcomePageHandlerMapping - Adding welcome page template: index
2023-08-27 10:15:58 [main] WARN  o.s.b.a.s.s.UserDetailsServiceAutoConfiguration - 

Using generated security password: 8b78425c-6b53-4f65-8708-ad305e3dcac5

This generated password is for development use only. Your security configuration must be updated before running your application in production.

2023-08-27 10:15:58 [main] INFO  o.s.s.web.DefaultSecurityFilterChain - Will secure any request with [org.springframework.security.web.session.DisableEncodeUrlFilter@3a3316b6, org.springframework.security.web.context.request.async.WebAsyncManagerIntegrationFilter@4db46344, org.springframework.security.web.context.SecurityContextHolderFilter@49d543a9, org.springframework.security.web.header.HeaderWriterFilter@559e3f67, org.springframework.security.web.csrf.CsrfFilter@1a139347, org.springframework.security.web.authentication.logout.LogoutFilter@8cb7185, org.springframework.security.web.authentication.UsernamePasswordAuthenticationFilter@29699283, org.springframework.security.web.authentication.ui.DefaultLoginPageGeneratingFilter@55b62db8, org.springframework.security.web.authentication.ui.DefaultLogoutPageGeneratingFilter@56c6d515, org.springframework.security.web.authentication.www.BasicAuthenticationFilter@7d1cdeb1, org.springframework.security.web.savedrequest.RequestCacheAwareFilter@4ac19bc6, org.springframework.security.web.servletapi.SecurityContextHolderAwareRequestFilter@436a563f, org.springframework.security.web.authentication.AnonymousAuthenticationFilter@702b656a, org.springframework.security.web.access.ExceptionTranslationFilter@fbbd90c, org.springframework.security.web.access.intercept.AuthorizationFilter@5eb2972f]
2023-08-27 10:15:58 [main] INFO  o.s.b.t.m.w.SpringBootMockServletContext - Initializing Spring TestDispatcherServlet ''
2023-08-27 10:15:58 [main] INFO  o.s.t.w.s.TestDispatcherServlet - Initializing Servlet ''
2023-08-27 10:15:58 [main] INFO  o.s.t.w.s.TestDispatcherServlet - Completed initialization in 2 ms
2023-08-27 10:15:58 [main] INFO  c.e.p.controllers.UserControllerTest - Started UserControllerTest in 4.07 seconds (process running for 8.054)
2023-08-27 10:15:59 [main] INFO  c.e.p.c.ActivitiesController - New user registred with name: name and email n@gmail.com
2023-08-27 10:18:11 [main] INFO  c.e.p.controllers.UserControllerTest - Starting UserControllerTest using Java 17.0.8 with PID 8000 (started by Nastja in C:\Users\Nastja\Desktop\planning_system1)
2023-08-27 10:18:11 [main] INFO  c.e.p.controllers.UserControllerTest - The following 1 profile is active: "test"
2023-08-27 10:18:13 [main] INFO  o.s.b.a.w.s.WelcomePageHandlerMapping - Adding welcome page template: index
2023-08-27 10:18:13 [main] WARN  o.s.b.a.s.s.UserDetailsServiceAutoConfiguration - 

Using generated security password: ca46bbd8-aaf2-4ae3-b726-81d0b01a6478

This generated password is for development use only. Your security configuration must be updated before running your application in production.

2023-08-27 10:18:14 [main] INFO  o.s.s.web.DefaultSecurityFilterChain - Will secure any request with [org.springframework.security.web.session.DisableEncodeUrlFilter@528f5b7f, org.springframework.security.web.context.request.async.WebAsyncManagerIntegrationFilter@3ccfac29, org.springframework.security.web.context.SecurityContextHolderFilter@492c9892, org.springframework.security.web.header.HeaderWriterFilter@6d9428f3, org.springframework.security.web.csrf.CsrfFilter@73dbe25, org.springframework.security.web.authentication.logout.LogoutFilter@58ec8271, org.springframework.security.web.authentication.UsernamePasswordAuthenticationFilter@25b4754a, org.springframework.security.web.authentication.ui.DefaultLoginPageGeneratingFilter@51508029, org.springframework.security.web.authentication.ui.DefaultLogoutPageGeneratingFilter@5c41b8d8, org.springframework.security.web.authentication.www.BasicAuthenticationFilter@56c6d515, org.springframework.security.web.savedrequest.RequestCacheAwareFilter@436a563f, org.springframework.security.web.servletapi.SecurityContextHolderAwareRequestFilter@75bf9e67, org.springframework.security.web.authentication.AnonymousAuthenticationFilter@77ea960f, org.springframework.security.web.access.ExceptionTranslationFilter@72f24a84, org.springframework.security.web.access.intercept.AuthorizationFilter@40ac0a56]
2023-08-27 10:18:14 [main] INFO  o.s.b.t.m.w.SpringBootMockServletContext - Initializing Spring TestDispatcherServlet ''
2023-08-27 10:18:14 [main] INFO  o.s.t.w.s.TestDispatcherServlet - Initializing Servlet ''
2023-08-27 10:18:14 [main] INFO  o.s.t.w.s.TestDispatcherServlet - Completed initialization in 2 ms
2023-08-27 10:18:14 [main] INFO  c.e.p.controllers.UserControllerTest - Started UserControllerTest in 3.873 seconds (process running for 8.105)
2023-08-27 10:18:15 [main] INFO  c.e.p.c.ActivitiesController - New user registred with name: name and email n@gmail.com
2023-08-27 11:13:52 [main] INFO  c.e.p.PlanningSystemApplication - Starting PlanningSystemApplication using Java 17.0.8 with PID 8636 (C:\Users\Nastja\Desktop\planning_system1\target\classes started by Nastja in C:\Users\Nastja\Desktop\planning_system1)
2023-08-27 11:13:52 [main] INFO  c.e.p.PlanningSystemApplication - No active profile set, falling back to 1 default profile: "default"
2023-08-27 11:13:54 [main] INFO  o.s.d.r.c.RepositoryConfigurationDelegate - Bootstrapping Spring Data JPA repositories in DEFAULT mode.
2023-08-27 11:13:54 [main] INFO  o.s.d.r.c.RepositoryConfigurationDelegate - Finished Spring Data repository scanning in 136 ms. Found 5 JPA repository interfaces.
2023-08-27 11:13:56 [main] INFO  o.s.b.w.e.tomcat.TomcatWebServer - Tomcat initialized with port(s): 8080 (http)
2023-08-27 11:13:56 [main] INFO  o.a.coyote.http11.Http11NioProtocol - Initializing ProtocolHandler ["http-nio-8080"]
2023-08-27 11:13:56 [main] INFO  o.a.catalina.core.StandardService - Starting service [Tomcat]
2023-08-27 11:13:56 [main] INFO  o.a.catalina.core.StandardEngine - Starting Servlet engine: [Apache Tomcat/10.1.11]
2023-08-27 11:13:56 [main] INFO  o.a.c.c.C.[Tomcat].[localhost].[/] - Initializing Spring embedded WebApplicationContext
2023-08-27 11:13:56 [main] INFO  o.s.b.w.s.c.ServletWebServerApplicationContext - Root WebApplicationContext: initialization completed in 3888 ms
2023-08-27 11:13:56 [main] INFO  o.h.jpa.internal.util.LogHelper - HHH000204: Processing PersistenceUnitInfo [name: default]
2023-08-27 11:13:56 [main] INFO  org.hibernate.Version - HHH000412: Hibernate ORM core version 6.2.6.Final
2023-08-27 11:13:56 [main] INFO  org.hibernate.cfg.Environment - HHH000406: Using bytecode reflection optimizer
2023-08-27 11:13:57 [main] INFO  o.h.b.i.BytecodeProviderInitiator - HHH000021: Bytecode provider name : bytebuddy
2023-08-27 11:13:57 [main] INFO  o.s.o.j.p.SpringPersistenceUnitInfo - No LoadTimeWeaver setup: ignoring JPA class transformer
2023-08-27 11:13:57 [main] INFO  com.zaxxer.hikari.HikariDataSource - HikariPool-1 - Starting...
2023-08-27 11:13:59 [main] INFO  com.zaxxer.hikari.pool.HikariPool - HikariPool-1 - Added connection org.postgresql.jdbc.PgConnection@696174d3
2023-08-27 11:13:59 [main] INFO  com.zaxxer.hikari.HikariDataSource - HikariPool-1 - Start completed.
2023-08-27 11:14:01 [main] INFO  o.h.b.i.BytecodeProviderInitiator - HHH000021: Bytecode provider name : bytebuddy
2023-08-27 11:14:03 [main] INFO  o.h.e.t.j.p.i.JtaPlatformInitiator - HHH000490: Using JtaPlatform implementation: [org.hibernate.engine.transaction.jta.platform.internal.NoJtaPlatform]
2023-08-27 11:14:03 [main] INFO  o.hibernate.orm.connections.access - HHH10001501: Connection obtained from JdbcConnectionAccess [org.hibernate.engine.jdbc.env.internal.JdbcEnvironmentInitiator$ConnectionProviderJdbcConnectionAccess@4b74a67a] for (non-JTA) DDL execution was not in auto-commit mode; the Connection 'local transaction' will be committed and the Connection will be set into auto-commit mode.
2023-08-27 11:14:06 [main] INFO  o.s.o.j.LocalContainerEntityManagerFactoryBean - Initialized JPA EntityManagerFactory for persistence unit 'default'
2023-08-27 11:14:07 [main] INFO  o.s.d.j.r.query.QueryEnhancerFactory - Hibernate is in classpath; If applicable, HQL parser will be used.
2023-08-27 11:14:08 [main] WARN  o.s.b.a.o.j.JpaBaseConfiguration$JpaWebConfiguration - spring.jpa.open-in-view is enabled by default. Therefore, database queries may be performed during view rendering. Explicitly configure spring.jpa.open-in-view to disable this warning
2023-08-27 11:14:08 [main] INFO  o.s.b.a.w.s.WelcomePageHandlerMapping - Adding welcome page template: index
2023-08-27 11:14:09 [main] INFO  o.s.s.web.DefaultSecurityFilterChain - Will secure any request with [org.springframework.security.web.session.DisableEncodeUrlFilter@26169be3, org.springframework.security.web.context.request.async.WebAsyncManagerIntegrationFilter@f573dcb, org.springframework.security.web.context.SecurityContextHolderFilter@65c040c9, org.springframework.security.web.header.HeaderWriterFilter@256a25a8, org.springframework.web.filter.CorsFilter@6f636de3, org.springframework.security.web.authentication.logout.LogoutFilter@40f40221, org.springframework.security.web.authentication.UsernamePasswordAuthenticationFilter@12f85dc8, org.springframework.security.web.savedrequest.RequestCacheAwareFilter@4a03c4bc, org.springframework.security.web.servletapi.SecurityContextHolderAwareRequestFilter@453ca7f, org.springframework.security.web.authentication.AnonymousAuthenticationFilter@40f49d72, org.springframework.security.web.access.ExceptionTranslationFilter@6d4bdb75, org.springframework.security.web.access.intercept.AuthorizationFilter@293ccbdd]
2023-08-27 11:14:09 [main] INFO  o.a.coyote.http11.Http11NioProtocol - Starting ProtocolHandler ["http-nio-8080"]
2023-08-27 11:14:09 [main] INFO  o.s.b.w.e.tomcat.TomcatWebServer - Tomcat started on port(s): 8080 (http) with context path ''
2023-08-27 11:14:09 [main] INFO  c.e.p.PlanningSystemApplication - Started PlanningSystemApplication in 18.447 seconds (process running for 34.035)
2023-08-27 11:14:18 [http-nio-8080-exec-1] INFO  o.a.c.c.C.[Tomcat].[localhost].[/] - Initializing Spring DispatcherServlet 'dispatcherServlet'
2023-08-27 11:14:18 [http-nio-8080-exec-1] INFO  o.s.web.servlet.DispatcherServlet - Initializing Servlet 'dispatcherServlet'
2023-08-27 11:14:18 [http-nio-8080-exec-1] INFO  o.s.web.servlet.DispatcherServlet - Completed initialization in 1 ms
2023-08-27 11:15:16 [http-nio-8080-exec-2] INFO  c.e.p.c.ActivitiesController - New user registred with name: Aleksandra and email al@gmail.com
2023-08-27 11:15:33 [http-nio-8080-exec-9] WARN  o.t.s.p.AbstractStandardFragmentInsertionTagProcessor - [THYMELEAF][http-nio-8080-exec-9][index] Deprecated unwrapped fragment expression "blocks/css-links :: css" found in template index, line 7, col 10. Please use the complete syntax of fragment expressions instead ("~{blocks/css-links :: css}"). The old, unwrapped syntax for fragment expressions will be removed in future versions of Thymeleaf.
2023-08-27 11:15:33 [http-nio-8080-exec-9] WARN  o.t.s.p.AbstractStandardFragmentInsertionTagProcessor - [THYMELEAF][http-nio-8080-exec-9][index] Deprecated unwrapped fragment expression "blocks/sidemenu" found in template index, line 14, col 6. Please use the complete syntax of fragment expressions instead ("~{blocks/sidemenu}"). The old, unwrapped syntax for fragment expressions will be removed in future versions of Thymeleaf.
2023-08-27 11:15:33 [http-nio-8080-exec-9] WARN  o.t.s.p.AbstractStandardFragmentInsertionTagProcessor - [THYMELEAF][http-nio-8080-exec-9][index] Deprecated unwrapped fragment expression "blocks/header" found in template index, line 15, col 6. Please use the complete syntax of fragment expressions instead ("~{blocks/header}"). The old, unwrapped syntax for fragment expressions will be removed in future versions of Thymeleaf.
2023-08-27 11:15:33 [http-nio-8080-exec-10] WARN  o.t.s.p.AbstractStandardFragmentInsertionTagProcessor - [THYMELEAF][http-nio-8080-exec-10][error-page] Deprecated unwrapped fragment expression "blocks/css-links :: css" found in template error-page, line 7, col 8. Please use the complete syntax of fragment expressions instead ("~{blocks/css-links :: css}"). The old, unwrapped syntax for fragment expressions will be removed in future versions of Thymeleaf.
2023-08-27 11:15:33 [http-nio-8080-exec-10] WARN  o.t.s.p.AbstractStandardFragmentInsertionTagProcessor - [THYMELEAF][http-nio-8080-exec-10][error-page] Deprecated unwrapped fragment expression "blocks/sidemenu" found in template error-page, line 27, col 6. Please use the complete syntax of fragment expressions instead ("~{blocks/sidemenu}"). The old, unwrapped syntax for fragment expressions will be removed in future versions of Thymeleaf.
2023-08-27 11:15:33 [http-nio-8080-exec-10] WARN  o.t.s.p.AbstractStandardFragmentInsertionTagProcessor - [THYMELEAF][http-nio-8080-exec-10][error-page] Deprecated unwrapped fragment expression "blocks/header" found in template error-page, line 28, col 6. Please use the complete syntax of fragment expressions instead ("~{blocks/header}"). The old, unwrapped syntax for fragment expressions will be removed in future versions of Thymeleaf.
2023-08-27 11:15:33 [http-nio-8080-exec-9] WARN  o.t.s.p.AbstractStandardFragmentInsertionTagProcessor - [THYMELEAF][http-nio-8080-exec-9][error-page] Deprecated unwrapped fragment expression "blocks/css-links :: css" found in template error-page, line 7, col 8. Please use the complete syntax of fragment expressions instead ("~{blocks/css-links :: css}"). The old, unwrapped syntax for fragment expressions will be removed in future versions of Thymeleaf.
2023-08-27 11:15:33 [http-nio-8080-exec-9] WARN  o.t.s.p.AbstractStandardFragmentInsertionTagProcessor - [THYMELEAF][http-nio-8080-exec-9][error-page] Deprecated unwrapped fragment expression "blocks/sidemenu" found in template error-page, line 27, col 6. Please use the complete syntax of fragment expressions instead ("~{blocks/sidemenu}"). The old, unwrapped syntax for fragment expressions will be removed in future versions of Thymeleaf.
2023-08-27 11:15:33 [http-nio-8080-exec-9] WARN  o.t.s.p.AbstractStandardFragmentInsertionTagProcessor - [THYMELEAF][http-nio-8080-exec-9][error-page] Deprecated unwrapped fragment expression "blocks/header" found in template error-page, line 28, col 6. Please use the complete syntax of fragment expressions instead ("~{blocks/header}"). The old, unwrapped syntax for fragment expressions will be removed in future versions of Thymeleaf.
2023-08-27 11:15:33 [http-nio-8080-exec-4] WARN  o.t.s.p.AbstractStandardFragmentInsertionTagProcessor - [THYMELEAF][http-nio-8080-exec-4][error-page] Deprecated unwrapped fragment expression "blocks/css-links :: css" found in template error-page, line 7, col 8. Please use the complete syntax of fragment expressions instead ("~{blocks/css-links :: css}"). The old, unwrapped syntax for fragment expressions will be removed in future versions of Thymeleaf.
2023-08-27 11:15:33 [http-nio-8080-exec-4] WARN  o.t.s.p.AbstractStandardFragmentInsertionTagProcessor - [THYMELEAF][http-nio-8080-exec-4][error-page] Deprecated unwrapped fragment expression "blocks/sidemenu" found in template error-page, line 27, col 6. Please use the complete syntax of fragment expressions instead ("~{blocks/sidemenu}"). The old, unwrapped syntax for fragment expressions will be removed in future versions of Thymeleaf.
2023-08-27 11:15:33 [http-nio-8080-exec-4] WARN  o.t.s.p.AbstractStandardFragmentInsertionTagProcessor - [THYMELEAF][http-nio-8080-exec-4][error-page] Deprecated unwrapped fragment expression "blocks/header" found in template error-page, line 28, col 6. Please use the complete syntax of fragment expressions instead ("~{blocks/header}"). The old, unwrapped syntax for fragment expressions will be removed in future versions of Thymeleaf.
2023-08-27 11:15:36 [http-nio-8080-exec-5] WARN  o.t.s.p.AbstractStandardFragmentInsertionTagProcessor - [THYMELEAF][http-nio-8080-exec-5][profile] Deprecated unwrapped fragment expression "blocks/sidemenu" found in template profile, line 62, col 6. Please use the complete syntax of fragment expressions instead ("~{blocks/sidemenu}"). The old, unwrapped syntax for fragment expressions will be removed in future versions of Thymeleaf.
2023-08-27 11:15:36 [http-nio-8080-exec-5] WARN  o.t.s.p.AbstractStandardFragmentInsertionTagProcessor - [THYMELEAF][http-nio-8080-exec-5][profile] Deprecated unwrapped fragment expression "blocks/header" found in template profile, line 63, col 6. Please use the complete syntax of fragment expressions instead ("~{blocks/header}"). The old, unwrapped syntax for fragment expressions will be removed in future versions of Thymeleaf.
2023-08-27 11:15:36 [http-nio-8080-exec-9] WARN  o.t.s.p.AbstractStandardFragmentInsertionTagProcessor - [THYMELEAF][http-nio-8080-exec-9][error-page] Deprecated unwrapped fragment expression "blocks/css-links :: css" found in template error-page, line 7, col 8. Please use the complete syntax of fragment expressions instead ("~{blocks/css-links :: css}"). The old, unwrapped syntax for fragment expressions will be removed in future versions of Thymeleaf.
2023-08-27 11:15:36 [http-nio-8080-exec-9] WARN  o.t.s.p.AbstractStandardFragmentInsertionTagProcessor - [THYMELEAF][http-nio-8080-exec-9][error-page] Deprecated unwrapped fragment expression "blocks/sidemenu" found in template error-page, line 27, col 6. Please use the complete syntax of fragment expressions instead ("~{blocks/sidemenu}"). The old, unwrapped syntax for fragment expressions will be removed in future versions of Thymeleaf.
2023-08-27 11:15:36 [http-nio-8080-exec-9] WARN  o.t.s.p.AbstractStandardFragmentInsertionTagProcessor - [THYMELEAF][http-nio-8080-exec-9][error-page] Deprecated unwrapped fragment expression "blocks/header" found in template error-page, line 28, col 6. Please use the complete syntax of fragment expressions instead ("~{blocks/header}"). The old, unwrapped syntax for fragment expressions will be removed in future versions of Thymeleaf.
2023-08-27 11:15:40 [http-nio-8080-exec-3] WARN  o.t.s.p.AbstractStandardFragmentInsertionTagProcessor - [THYMELEAF][http-nio-8080-exec-3][edit-profile] Deprecated unwrapped fragment expression "blocks/sidemenu" found in template edit-profile, line 25, col 6. Please use the complete syntax of fragment expressions instead ("~{blocks/sidemenu}"). The old, unwrapped syntax for fragment expressions will be removed in future versions of Thymeleaf.
2023-08-27 11:15:40 [http-nio-8080-exec-3] WARN  o.t.s.p.AbstractStandardFragmentInsertionTagProcessor - [THYMELEAF][http-nio-8080-exec-3][edit-profile] Deprecated unwrapped fragment expression "blocks/header" found in template edit-profile, line 26, col 6. Please use the complete syntax of fragment expressions instead ("~{blocks/header}"). The old, unwrapped syntax for fragment expressions will be removed in future versions of Thymeleaf.
2023-08-27 11:15:40 [http-nio-8080-exec-7] WARN  o.t.s.p.AbstractStandardFragmentInsertionTagProcessor - [THYMELEAF][http-nio-8080-exec-7][error-page] Deprecated unwrapped fragment expression "blocks/css-links :: css" found in template error-page, line 7, col 8. Please use the complete syntax of fragment expressions instead ("~{blocks/css-links :: css}"). The old, unwrapped syntax for fragment expressions will be removed in future versions of Thymeleaf.
2023-08-27 11:15:40 [http-nio-8080-exec-7] WARN  o.t.s.p.AbstractStandardFragmentInsertionTagProcessor - [THYMELEAF][http-nio-8080-exec-7][error-page] Deprecated unwrapped fragment expression "blocks/sidemenu" found in template error-page, line 27, col 6. Please use the complete syntax of fragment expressions instead ("~{blocks/sidemenu}"). The old, unwrapped syntax for fragment expressions will be removed in future versions of Thymeleaf.
2023-08-27 11:15:40 [http-nio-8080-exec-7] WARN  o.t.s.p.AbstractStandardFragmentInsertionTagProcessor - [THYMELEAF][http-nio-8080-exec-7][error-page] Deprecated unwrapped fragment expression "blocks/header" found in template error-page, line 28, col 6. Please use the complete syntax of fragment expressions instead ("~{blocks/header}"). The old, unwrapped syntax for fragment expressions will be removed in future versions of Thymeleaf.
2023-08-27 11:15:44 [http-nio-8080-exec-2] INFO  c.e.p.c.ActivitiesController - Week calendar displayed for user with id: 77
2023-08-27 11:15:44 [http-nio-8080-exec-2] INFO  c.e.p.c.ActivitiesController - Activities dates: []
2023-08-27 11:15:44 [http-nio-8080-exec-2] WARN  o.t.s.p.AbstractStandardFragmentInsertionTagProcessor - [THYMELEAF][http-nio-8080-exec-2][calendar-week] Deprecated unwrapped fragment expression "blocks/css-links :: css" found in template calendar-week, line 6, col 10. Please use the complete syntax of fragment expressions instead ("~{blocks/css-links :: css}"). The old, unwrapped syntax for fragment expressions will be removed in future versions of Thymeleaf.
2023-08-27 11:15:44 [http-nio-8080-exec-2] WARN  o.t.s.p.AbstractStandardFragmentInsertionTagProcessor - [THYMELEAF][http-nio-8080-exec-2][calendar-week] Deprecated unwrapped fragment expression "blocks/sidemenu" found in template calendar-week, line 12, col 6. Please use the complete syntax of fragment expressions instead ("~{blocks/sidemenu}"). The old, unwrapped syntax for fragment expressions will be removed in future versions of Thymeleaf.
2023-08-27 11:15:44 [http-nio-8080-exec-2] WARN  o.t.s.p.AbstractStandardFragmentInsertionTagProcessor - [THYMELEAF][http-nio-8080-exec-2][calendar-week] Deprecated unwrapped fragment expression "blocks/header" found in template calendar-week, line 13, col 6. Please use the complete syntax of fragment expressions instead ("~{blocks/header}"). The old, unwrapped syntax for fragment expressions will be removed in future versions of Thymeleaf.
2023-08-27 11:15:44 [http-nio-8080-exec-8] WARN  o.t.s.p.AbstractStandardFragmentInsertionTagProcessor - [THYMELEAF][http-nio-8080-exec-8][error-page] Deprecated unwrapped fragment expression "blocks/css-links :: css" found in template error-page, line 7, col 8. Please use the complete syntax of fragment expressions instead ("~{blocks/css-links :: css}"). The old, unwrapped syntax for fragment expressions will be removed in future versions of Thymeleaf.
2023-08-27 11:15:44 [http-nio-8080-exec-8] WARN  o.t.s.p.AbstractStandardFragmentInsertionTagProcessor - [THYMELEAF][http-nio-8080-exec-8][error-page] Deprecated unwrapped fragment expression "blocks/sidemenu" found in template error-page, line 27, col 6. Please use the complete syntax of fragment expressions instead ("~{blocks/sidemenu}"). The old, unwrapped syntax for fragment expressions will be removed in future versions of Thymeleaf.
2023-08-27 11:15:44 [http-nio-8080-exec-8] WARN  o.t.s.p.AbstractStandardFragmentInsertionTagProcessor - [THYMELEAF][http-nio-8080-exec-8][error-page] Deprecated unwrapped fragment expression "blocks/header" found in template error-page, line 28, col 6. Please use the complete syntax of fragment expressions instead ("~{blocks/header}"). The old, unwrapped syntax for fragment expressions will be removed in future versions of Thymeleaf.
2023-08-27 11:15:50 [SpringApplicationShutdownHook] INFO  o.s.o.j.LocalContainerEntityManagerFactoryBean - Closing JPA EntityManagerFactory for persistence unit 'default'
2023-08-27 11:15:50 [SpringApplicationShutdownHook] INFO  com.zaxxer.hikari.HikariDataSource - HikariPool-1 - Shutdown initiated...
2023-08-27 11:15:51 [SpringApplicationShutdownHook] INFO  com.zaxxer.hikari.HikariDataSource - HikariPool-1 - Shutdown completed.
2023-08-27 11:16:26 [main] INFO  c.e.p.PlanningSystemApplicationTests - Starting PlanningSystemApplicationTests using Java 17.0.8 with PID 14268 (started by Nastja in C:\Users\Nastja\Desktop\planning_system1)
2023-08-27 11:16:26 [main] INFO  c.e.p.PlanningSystemApplicationTests - No active profile set, falling back to 1 default profile: "default"
2023-08-27 11:16:28 [main] INFO  o.s.d.r.c.RepositoryConfigurationDelegate - Bootstrapping Spring Data JPA repositories in DEFAULT mode.
2023-08-27 11:16:28 [main] INFO  o.s.d.r.c.RepositoryConfigurationDelegate - Finished Spring Data repository scanning in 101 ms. Found 5 JPA repository interfaces.
2023-08-27 11:16:29 [main] INFO  o.h.jpa.internal.util.LogHelper - HHH000204: Processing PersistenceUnitInfo [name: default]
2023-08-27 11:16:29 [main] INFO  org.hibernate.Version - HHH000412: Hibernate ORM core version 6.2.6.Final
2023-08-27 11:16:29 [main] INFO  org.hibernate.cfg.Environment - HHH000406: Using bytecode reflection optimizer
2023-08-27 11:16:29 [main] INFO  o.h.b.i.BytecodeProviderInitiator - HHH000021: Bytecode provider name : bytebuddy
2023-08-27 11:16:30 [main] INFO  o.s.o.j.p.SpringPersistenceUnitInfo - No LoadTimeWeaver setup: ignoring JPA class transformer
2023-08-27 11:16:30 [main] INFO  com.zaxxer.hikari.HikariDataSource - HikariPool-1 - Starting...
2023-08-27 11:16:32 [main] INFO  com.zaxxer.hikari.pool.HikariPool - HikariPool-1 - Added connection org.postgresql.jdbc.PgConnection@247bbfba
2023-08-27 11:16:32 [main] INFO  com.zaxxer.hikari.HikariDataSource - HikariPool-1 - Start completed.
2023-08-27 11:16:34 [main] INFO  o.h.b.i.BytecodeProviderInitiator - HHH000021: Bytecode provider name : bytebuddy
2023-08-27 11:16:35 [main] INFO  o.h.e.t.j.p.i.JtaPlatformInitiator - HHH000490: Using JtaPlatform implementation: [org.hibernate.engine.transaction.jta.platform.internal.NoJtaPlatform]
2023-08-27 11:16:35 [main] INFO  o.hibernate.orm.connections.access - HHH10001501: Connection obtained from JdbcConnectionAccess [org.hibernate.engine.jdbc.env.internal.JdbcEnvironmentInitiator$ConnectionProviderJdbcConnectionAccess@192ecf8] for (non-JTA) DDL execution was not in auto-commit mode; the Connection 'local transaction' will be committed and the Connection will be set into auto-commit mode.
2023-08-27 11:16:38 [main] INFO  o.s.o.j.LocalContainerEntityManagerFactoryBean - Initialized JPA EntityManagerFactory for persistence unit 'default'
2023-08-27 11:16:40 [main] INFO  o.s.d.j.r.query.QueryEnhancerFactory - Hibernate is in classpath; If applicable, HQL parser will be used.
2023-08-27 11:16:41 [main] WARN  o.s.b.a.o.j.JpaBaseConfiguration$JpaWebConfiguration - spring.jpa.open-in-view is enabled by default. Therefore, database queries may be performed during view rendering. Explicitly configure spring.jpa.open-in-view to disable this warning
2023-08-27 11:16:41 [main] INFO  o.s.b.a.w.s.WelcomePageHandlerMapping - Adding welcome page template: index
2023-08-27 11:16:41 [main] INFO  o.s.s.web.DefaultSecurityFilterChain - Will secure any request with [org.springframework.security.web.session.DisableEncodeUrlFilter@a8dedda, org.springframework.security.web.context.request.async.WebAsyncManagerIntegrationFilter@6e089bcb, org.springframework.security.web.context.SecurityContextHolderFilter@77095c8c, org.springframework.security.web.header.HeaderWriterFilter@3d4ea4cf, org.springframework.web.filter.CorsFilter@38a2fbc3, org.springframework.security.web.authentication.logout.LogoutFilter@2bf3ec4a, org.springframework.security.web.authentication.UsernamePasswordAuthenticationFilter@728cef8e, org.springframework.security.web.savedrequest.RequestCacheAwareFilter@16d4757f, org.springframework.security.web.servletapi.SecurityContextHolderAwareRequestFilter@12515d64, org.springframework.security.web.authentication.AnonymousAuthenticationFilter@318ff889, org.springframework.security.web.access.ExceptionTranslationFilter@4a65ce06, org.springframework.security.web.access.intercept.AuthorizationFilter@21584b99]
2023-08-27 11:16:42 [main] INFO  c.e.p.PlanningSystemApplicationTests - Started PlanningSystemApplicationTests in 16.853 seconds (process running for 22.082)
2023-08-27 11:16:48 [SpringApplicationShutdownHook] INFO  o.s.o.j.LocalContainerEntityManagerFactoryBean - Closing JPA EntityManagerFactory for persistence unit 'default'
2023-08-27 11:16:48 [SpringApplicationShutdownHook] INFO  com.zaxxer.hikari.HikariDataSource - HikariPool-1 - Shutdown initiated...
2023-08-27 11:16:49 [SpringApplicationShutdownHook] INFO  com.zaxxer.hikari.HikariDataSource - HikariPool-1 - Shutdown completed.
